2026-02-21 21:41:32,450 - ERROR - Exception on /login [POST]
Traceback (most recent call last):
  File "C:\Users\lordx\AppData\Roaming\Python\Python311\site-packages\flask\app.py", line 1511, in wsgi_app
    response = self.full_dispatch_request()
               ^^^^^^^^^^^^^^^^^^^^^^^^^^^^
  File "C:\Users\lordx\AppData\Roaming\Python\Python311\site-packages\flask\app.py", line 919, in full_dispatch_request
    rv = self.handle_user_exception(e)
         ^^^^^^^^^^^^^^^^^^^^^^^^^^^^^
  File "C:\Users\lordx\AppData\Roaming\Python\Python311\site-packages\flask\app.py", line 917, in full_dispatch_request
    rv = self.dispatch_request()
         ^^^^^^^^^^^^^^^^^^^^^^^
  File "C:\Users\lordx\AppData\Roaming\Python\Python311\site-packages\flask\app.py", line 902, in dispatch_request
    return self.ensure_sync(self.view_functions[rule.endpoint])(**view_args)  # type: ignore[no-any-return]
           ^^^^^^^^^^^^^^^^^^^^^^^^^^^^^^^^^^^^^^^^^^^^^^^^^^^^^^^^^^^^^^^^^
  File "c:\Projects\ChroniqueX_Record_Server\web_endpoints_ui.py", line 36, in login
    session['logged_in'] = True
    ~~~~~~~^^^^^^^^^^^^^
  File "C:\Users\lordx\AppData\Roaming\Python\Python311\site-packages\flask\sessions.py", line 104, in _fail
    raise RuntimeError(
RuntimeError: The session is unavailable because no secret key was set.  Set the secret_key on the application to something unique and secret.
2026-02-21 21:41:32,787 - ERROR - Exception on /login [POST]
Traceback (most recent call last):
  File "C:\Users\lordx\AppData\Roaming\Python\Python311\site-packages\flask\app.py", line 1511, in wsgi_app
    response = self.full_dispatch_request()
               ^^^^^^^^^^^^^^^^^^^^^^^^^^^^
  File "C:\Users\lordx\AppData\Roaming\Python\Python311\site-packages\flask\app.py", line 919, in full_dispatch_request
    rv = self.handle_user_exception(e)
         ^^^^^^^^^^^^^^^^^^^^^^^^^^^^^
  File "C:\Users\lordx\AppData\Roaming\Python\Python311\site-packages\flask\app.py", line 917, in full_dispatch_request
    rv = self.dispatch_request()
         ^^^^^^^^^^^^^^^^^^^^^^^
  File "C:\Users\lordx\AppData\Roaming\Python\Python311\site-packages\flask\app.py", line 902, in dispatch_request
    return self.ensure_sync(self.view_functions[rule.endpoint])(**view_args)  # type: ignore[no-any-return]
           ^^^^^^^^^^^^^^^^^^^^^^^^^^^^^^^^^^^^^^^^^^^^^^^^^^^^^^^^^^^^^^^^^
  File "c:\Projects\ChroniqueX_Record_Server\web_endpoints_ui.py", line 36, in login
    session['logged_in'] = True
    ~~~~~~~^^^^^^^^^^^^^
  File "C:\Users\lordx\AppData\Roaming\Python\Python311\site-packages\flask\sessions.py", line 104, in _fail
    raise RuntimeError(
RuntimeError: The session is unavailable because no secret key was set.  Set the secret_key on the application to something unique and secret.
2026-02-21 21:41:33,099 - ERROR - Exception on /login [POST]
Traceback (most recent call last):
  File "C:\Users\lordx\AppData\Roaming\Python\Python311\site-packages\flask\app.py", line 1511, in wsgi_app
    response = self.full_dispatch_request()
               ^^^^^^^^^^^^^^^^^^^^^^^^^^^^
  File "C:\Users\lordx\AppData\Roaming\Python\Python311\site-packages\flask\app.py", line 919, in full_dispatch_request
    rv = self.handle_user_exception(e)
         ^^^^^^^^^^^^^^^^^^^^^^^^^^^^^
  File "C:\Users\lordx\AppData\Roaming\Python\Python311\site-packages\flask\app.py", line 917, in full_dispatch_request
    rv = self.dispatch_request()
         ^^^^^^^^^^^^^^^^^^^^^^^
  File "C:\Users\lordx\AppData\Roaming\Python\Python311\site-packages\flask\app.py", line 902, in dispatch_request
    return self.ensure_sync(self.view_functions[rule.endpoint])(**view_args)  # type: ignore[no-any-return]
           ^^^^^^^^^^^^^^^^^^^^^^^^^^^^^^^^^^^^^^^^^^^^^^^^^^^^^^^^^^^^^^^^^
  File "c:\Projects\ChroniqueX_Record_Server\web_endpoints_ui.py", line 36, in login
    session['logged_in'] = True
    ~~~~~~~^^^^^^^^^^^^^
  File "C:\Users\lordx\AppData\Roaming\Python\Python311\site-packages\flask\sessions.py", line 104, in _fail
    raise RuntimeError(
RuntimeError: The session is unavailable because no secret key was set.  Set the secret_key on the application to something unique and secret.
2026-02-21 21:41:33,433 - ERROR - Exception on /login [POST]
Traceback (most recent call last):
  File "C:\Users\lordx\AppData\Roaming\Python\Python311\site-packages\flask\app.py", line 1511, in wsgi_app
    response = self.full_dispatch_request()
               ^^^^^^^^^^^^^^^^^^^^^^^^^^^^
  File "C:\Users\lordx\AppData\Roaming\Python\Python311\site-packages\flask\app.py", line 919, in full_dispatch_request
    rv = self.handle_user_exception(e)
         ^^^^^^^^^^^^^^^^^^^^^^^^^^^^^
  File "C:\Users\lordx\AppData\Roaming\Python\Python311\site-packages\flask\app.py", line 917, in full_dispatch_request
    rv = self.dispatch_request()
         ^^^^^^^^^^^^^^^^^^^^^^^
  File "C:\Users\lordx\AppData\Roaming\Python\Python311\site-packages\flask\app.py", line 902, in dispatch_request
    return self.ensure_sync(self.view_functions[rule.endpoint])(**view_args)  # type: ignore[no-any-return]
           ^^^^^^^^^^^^^^^^^^^^^^^^^^^^^^^^^^^^^^^^^^^^^^^^^^^^^^^^^^^^^^^^^
  File "c:\Projects\ChroniqueX_Record_Server\web_endpoints_ui.py", line 36, in login
    session['logged_in'] = True
    ~~~~~~~^^^^^^^^^^^^^
  File "C:\Users\lordx\AppData\Roaming\Python\Python311\site-packages\flask\sessions.py", line 104, in _fail
    raise RuntimeError(
RuntimeError: The session is unavailable because no secret key was set.  Set the secret_key on the application to something unique and secret.
2026-02-21 21:41:33,767 - ERROR - Exception on /login [POST]
Traceback (most recent call last):
  File "C:\Users\lordx\AppData\Roaming\Python\Python311\site-packages\flask\app.py", line 1511, in wsgi_app
    response = self.full_dispatch_request()
               ^^^^^^^^^^^^^^^^^^^^^^^^^^^^
  File "C:\Users\lordx\AppData\Roaming\Python\Python311\site-packages\flask\app.py", line 919, in full_dispatch_request
    rv = self.handle_user_exception(e)
         ^^^^^^^^^^^^^^^^^^^^^^^^^^^^^
  File "C:\Users\lordx\AppData\Roaming\Python\Python311\site-packages\flask\app.py", line 917, in full_dispatch_request
    rv = self.dispatch_request()
         ^^^^^^^^^^^^^^^^^^^^^^^
  File "C:\Users\lordx\AppData\Roaming\Python\Python311\site-packages\flask\app.py", line 902, in dispatch_request
    return self.ensure_sync(self.view_functions[rule.endpoint])(**view_args)  # type: ignore[no-any-return]
           ^^^^^^^^^^^^^^^^^^^^^^^^^^^^^^^^^^^^^^^^^^^^^^^^^^^^^^^^^^^^^^^^^
  File "c:\Projects\ChroniqueX_Record_Server\web_endpoints_ui.py", line 36, in login
    session['logged_in'] = True
    ~~~~~~~^^^^^^^^^^^^^
  File "C:\Users\lordx\AppData\Roaming\Python\Python311\site-packages\flask\sessions.py", line 104, in _fail
    raise RuntimeError(
RuntimeError: The session is unavailable because no secret key was set.  Set the secret_key on the application to something unique and secret.
2026-02-21 21:41:34,094 - ERROR - Exception on /login [POST]
Traceback (most recent call last):
  File "C:\Users\lordx\AppData\Roaming\Python\Python311\site-packages\flask\app.py", line 1511, in wsgi_app
    response = self.full_dispatch_request()
               ^^^^^^^^^^^^^^^^^^^^^^^^^^^^
  File "C:\Users\lordx\AppData\Roaming\Python\Python311\site-packages\flask\app.py", line 919, in full_dispatch_request
    rv = self.handle_user_exception(e)
         ^^^^^^^^^^^^^^^^^^^^^^^^^^^^^
  File "C:\Users\lordx\AppData\Roaming\Python\Python311\site-packages\flask\app.py", line 917, in full_dispatch_request
    rv = self.dispatch_request()
         ^^^^^^^^^^^^^^^^^^^^^^^
  File "C:\Users\lordx\AppData\Roaming\Python\Python311\site-packages\flask\app.py", line 902, in dispatch_request
    return self.ensure_sync(self.view_functions[rule.endpoint])(**view_args)  # type: ignore[no-any-return]
           ^^^^^^^^^^^^^^^^^^^^^^^^^^^^^^^^^^^^^^^^^^^^^^^^^^^^^^^^^^^^^^^^^
  File "c:\Projects\ChroniqueX_Record_Server\web_endpoints_ui.py", line 36, in login
    session['logged_in'] = True
    ~~~~~~~^^^^^^^^^^^^^
  File "C:\Users\lordx\AppData\Roaming\Python\Python311\site-packages\flask\sessions.py", line 104, in _fail
    raise RuntimeError(
RuntimeError: The session is unavailable because no secret key was set.  Set the secret_key on the application to something unique and secret.
2026-02-21 21:41:34,416 - ERROR - Exception on /login [POST]
Traceback (most recent call last):
  File "C:\Users\lordx\AppData\Roaming\Python\Python311\site-packages\flask\app.py", line 1511, in wsgi_app
    response = self.full_dispatch_request()
               ^^^^^^^^^^^^^^^^^^^^^^^^^^^^
  File "C:\Users\lordx\AppData\Roaming\Python\Python311\site-packages\flask\app.py", line 919, in full_dispatch_request
    rv = self.handle_user_exception(e)
         ^^^^^^^^^^^^^^^^^^^^^^^^^^^^^
  File "C:\Users\lordx\AppData\Roaming\Python\Python311\site-packages\flask\app.py", line 917, in full_dispatch_request
    rv = self.dispatch_request()
         ^^^^^^^^^^^^^^^^^^^^^^^
  File "C:\Users\lordx\AppData\Roaming\Python\Python311\site-packages\flask\app.py", line 902, in dispatch_request
    return self.ensure_sync(self.view_functions[rule.endpoint])(**view_args)  # type: ignore[no-any-return]
           ^^^^^^^^^^^^^^^^^^^^^^^^^^^^^^^^^^^^^^^^^^^^^^^^^^^^^^^^^^^^^^^^^
  File "c:\Projects\ChroniqueX_Record_Server\web_endpoints_ui.py", line 36, in login
    session['logged_in'] = True
    ~~~~~~~^^^^^^^^^^^^^
  File "C:\Users\lordx\AppData\Roaming\Python\Python311\site-packages\flask\sessions.py", line 104, in _fail
    raise RuntimeError(
RuntimeError: The session is unavailable because no secret key was set.  Set the secret_key on the application to something unique and secret.
2026-02-21 21:41:34,745 - ERROR - Exception on /login [POST]
Traceback (most recent call last):
  File "C:\Users\lordx\AppData\Roaming\Python\Python311\site-packages\flask\app.py", line 1511, in wsgi_app
    response = self.full_dispatch_request()
               ^^^^^^^^^^^^^^^^^^^^^^^^^^^^
  File "C:\Users\lordx\AppData\Roaming\Python\Python311\site-packages\flask\app.py", line 919, in full_dispatch_request
    rv = self.handle_user_exception(e)
         ^^^^^^^^^^^^^^^^^^^^^^^^^^^^^
  File "C:\Users\lordx\AppData\Roaming\Python\Python311\site-packages\flask\app.py", line 917, in full_dispatch_request
    rv = self.dispatch_request()
         ^^^^^^^^^^^^^^^^^^^^^^^
  File "C:\Users\lordx\AppData\Roaming\Python\Python311\site-packages\flask\app.py", line 902, in dispatch_request
    return self.ensure_sync(self.view_functions[rule.endpoint])(**view_args)  # type: ignore[no-any-return]
           ^^^^^^^^^^^^^^^^^^^^^^^^^^^^^^^^^^^^^^^^^^^^^^^^^^^^^^^^^^^^^^^^^
  File "c:\Projects\ChroniqueX_Record_Server\web_endpoints_ui.py", line 36, in login
    session['logged_in'] = True
    ~~~~~~~^^^^^^^^^^^^^
  File "C:\Users\lordx\AppData\Roaming\Python\Python311\site-packages\flask\sessions.py", line 104, in _fail
    raise RuntimeError(
RuntimeError: The session is unavailable because no secret key was set.  Set the secret_key on the application to something unique and secret.
2026-02-21 21:41:35,177 - ERROR - Exception on /login [POST]
Traceback (most recent call last):
  File "C:\Users\lordx\AppData\Roaming\Python\Python311\site-packages\flask\app.py", line 1511, in wsgi_app
    response = self.full_dispatch_request()
               ^^^^^^^^^^^^^^^^^^^^^^^^^^^^
  File "C:\Users\lordx\AppData\Roaming\Python\Python311\site-packages\flask\app.py", line 919, in full_dispatch_request
    rv = self.handle_user_exception(e)
         ^^^^^^^^^^^^^^^^^^^^^^^^^^^^^
  File "C:\Users\lordx\AppData\Roaming\Python\Python311\site-packages\flask\app.py", line 917, in full_dispatch_request
    rv = self.dispatch_request()
         ^^^^^^^^^^^^^^^^^^^^^^^
  File "C:\Users\lordx\AppData\Roaming\Python\Python311\site-packages\flask\app.py", line 902, in dispatch_request
    return self.ensure_sync(self.view_functions[rule.endpoint])(**view_args)  # type: ignore[no-any-return]
           ^^^^^^^^^^^^^^^^^^^^^^^^^^^^^^^^^^^^^^^^^^^^^^^^^^^^^^^^^^^^^^^^^
  File "c:\Projects\ChroniqueX_Record_Server\web_endpoints_ui.py", line 36, in login
    session['logged_in'] = True
    ~~~~~~~^^^^^^^^^^^^^
  File "C:\Users\lordx\AppData\Roaming\Python\Python311\site-packages\flask\sessions.py", line 104, in _fail
    raise RuntimeError(
RuntimeError: The session is unavailable because no secret key was set.  Set the secret_key on the application to something unique and secret.
2026-02-21 21:41:35,633 - ERROR - Exception on /login [POST]
Traceback (most recent call last):
  File "C:\Users\lordx\AppData\Roaming\Python\Python311\site-packages\flask\app.py", line 1511, in wsgi_app
    response = self.full_dispatch_request()
               ^^^^^^^^^^^^^^^^^^^^^^^^^^^^
  File "C:\Users\lordx\AppData\Roaming\Python\Python311\site-packages\flask\app.py", line 919, in full_dispatch_request
    rv = self.handle_user_exception(e)
         ^^^^^^^^^^^^^^^^^^^^^^^^^^^^^
  File "C:\Users\lordx\AppData\Roaming\Python\Python311\site-packages\flask\app.py", line 917, in full_dispatch_request
    rv = self.dispatch_request()
         ^^^^^^^^^^^^^^^^^^^^^^^
  File "C:\Users\lordx\AppData\Roaming\Python\Python311\site-packages\flask\app.py", line 902, in dispatch_request
    return self.ensure_sync(self.view_functions[rule.endpoint])(**view_args)  # type: ignore[no-any-return]
           ^^^^^^^^^^^^^^^^^^^^^^^^^^^^^^^^^^^^^^^^^^^^^^^^^^^^^^^^^^^^^^^^^
  File "c:\Projects\ChroniqueX_Record_Server\web_endpoints_ui.py", line 36, in login
    session['logged_in'] = True
    ~~~~~~~^^^^^^^^^^^^^
  File "C:\Users\lordx\AppData\Roaming\Python\Python311\site-packages\flask\sessions.py", line 104, in _fail
    raise RuntimeError(
RuntimeError: The session is unavailable because no secret key was set.  Set the secret_key on the application to something unique and secret.
2026-02-21 21:41:36,058 - ERROR - Exception on /login [POST]
Traceback (most recent call last):
  File "C:\Users\lordx\AppData\Roaming\Python\Python311\site-packages\flask\app.py", line 1511, in wsgi_app
    response = self.full_dispatch_request()
               ^^^^^^^^^^^^^^^^^^^^^^^^^^^^
  File "C:\Users\lordx\AppData\Roaming\Python\Python311\site-packages\flask\app.py", line 919, in full_dispatch_request
    rv = self.handle_user_exception(e)
         ^^^^^^^^^^^^^^^^^^^^^^^^^^^^^
  File "C:\Users\lordx\AppData\Roaming\Python\Python311\site-packages\flask\app.py", line 917, in full_dispatch_request
    rv = self.dispatch_request()
         ^^^^^^^^^^^^^^^^^^^^^^^
  File "C:\Users\lordx\AppData\Roaming\Python\Python311\site-packages\flask\app.py", line 902, in dispatch_request
    return self.ensure_sync(self.view_functions[rule.endpoint])(**view_args)  # type: ignore[no-any-return]
           ^^^^^^^^^^^^^^^^^^^^^^^^^^^^^^^^^^^^^^^^^^^^^^^^^^^^^^^^^^^^^^^^^
  File "c:\Projects\ChroniqueX_Record_Server\web_endpoints_ui.py", line 36, in login
    session['logged_in'] = True
    ~~~~~~~^^^^^^^^^^^^^
  File "C:\Users\lordx\AppData\Roaming\Python\Python311\site-packages\flask\sessions.py", line 104, in _fail
    raise RuntimeError(
RuntimeError: The session is unavailable because no secret key was set.  Set the secret_key on the application to something unique and secret.
2026-02-21 21:41:36,537 - ERROR - Exception on /login [POST]
Traceback (most recent call last):
  File "C:\Users\lordx\AppData\Roaming\Python\Python311\site-packages\flask\app.py", line 1511, in wsgi_app
    response = self.full_dispatch_request()
               ^^^^^^^^^^^^^^^^^^^^^^^^^^^^
  File "C:\Users\lordx\AppData\Roaming\Python\Python311\site-packages\flask\app.py", line 919, in full_dispatch_request
    rv = self.handle_user_exception(e)
         ^^^^^^^^^^^^^^^^^^^^^^^^^^^^^
  File "C:\Users\lordx\AppData\Roaming\Python\Python311\site-packages\flask\app.py", line 917, in full_dispatch_request
    rv = self.dispatch_request()
         ^^^^^^^^^^^^^^^^^^^^^^^
  File "C:\Users\lordx\AppData\Roaming\Python\Python311\site-packages\flask\app.py", line 902, in dispatch_request
    return self.ensure_sync(self.view_functions[rule.endpoint])(**view_args)  # type: ignore[no-any-return]
           ^^^^^^^^^^^^^^^^^^^^^^^^^^^^^^^^^^^^^^^^^^^^^^^^^^^^^^^^^^^^^^^^^
  File "c:\Projects\ChroniqueX_Record_Server\web_endpoints_ui.py", line 36, in login
    session['logged_in'] = True
    ~~~~~~~^^^^^^^^^^^^^
  File "C:\Users\lordx\AppData\Roaming\Python\Python311\site-packages\flask\sessions.py", line 104, in _fail
    raise RuntimeError(
RuntimeError: The session is unavailable because no secret key was set.  Set the secret_key on the application to something unique and secret.
2026-02-21 21:41:36,970 - ERROR - Exception on /login [POST]
Traceback (most recent call last):
  File "C:\Users\lordx\AppData\Roaming\Python\Python311\site-packages\flask\app.py", line 1511, in wsgi_app
    response = self.full_dispatch_request()
               ^^^^^^^^^^^^^^^^^^^^^^^^^^^^
  File "C:\Users\lordx\AppData\Roaming\Python\Python311\site-packages\flask\app.py", line 919, in full_dispatch_request
    rv = self.handle_user_exception(e)
         ^^^^^^^^^^^^^^^^^^^^^^^^^^^^^
  File "C:\Users\lordx\AppData\Roaming\Python\Python311\site-packages\flask\app.py", line 917, in full_dispatch_request
    rv = self.dispatch_request()
         ^^^^^^^^^^^^^^^^^^^^^^^
  File "C:\Users\lordx\AppData\Roaming\Python\Python311\site-packages\flask\app.py", line 902, in dispatch_request
    return self.ensure_sync(self.view_functions[rule.endpoint])(**view_args)  # type: ignore[no-any-return]
           ^^^^^^^^^^^^^^^^^^^^^^^^^^^^^^^^^^^^^^^^^^^^^^^^^^^^^^^^^^^^^^^^^
  File "c:\Projects\ChroniqueX_Record_Server\web_endpoints_ui.py", line 36, in login
    session['logged_in'] = True
    ~~~~~~~^^^^^^^^^^^^^
  File "C:\Users\lordx\AppData\Roaming\Python\Python311\site-packages\flask\sessions.py", line 104, in _fail
    raise RuntimeError(
RuntimeError: The session is unavailable because no secret key was set.  Set the secret_key on the application to something unique and secret.
2026-02-21 21:41:37,400 - ERROR - Exception on /login [POST]
Traceback (most recent call last):
  File "C:\Users\lordx\AppData\Roaming\Python\Python311\site-packages\flask\app.py", line 1511, in wsgi_app
    response = self.full_dispatch_request()
               ^^^^^^^^^^^^^^^^^^^^^^^^^^^^
  File "C:\Users\lordx\AppData\Roaming\Python\Python311\site-packages\flask\app.py", line 919, in full_dispatch_request
    rv = self.handle_user_exception(e)
         ^^^^^^^^^^^^^^^^^^^^^^^^^^^^^
  File "C:\Users\lordx\AppData\Roaming\Python\Python311\site-packages\flask\app.py", line 917, in full_dispatch_request
    rv = self.dispatch_request()
         ^^^^^^^^^^^^^^^^^^^^^^^
  File "C:\Users\lordx\AppData\Roaming\Python\Python311\site-packages\flask\app.py", line 902, in dispatch_request
    return self.ensure_sync(self.view_functions[rule.endpoint])(**view_args)  # type: ignore[no-any-return]
           ^^^^^^^^^^^^^^^^^^^^^^^^^^^^^^^^^^^^^^^^^^^^^^^^^^^^^^^^^^^^^^^^^
  File "c:\Projects\ChroniqueX_Record_Server\web_endpoints_ui.py", line 36, in login
    session['logged_in'] = True
    ~~~~~~~^^^^^^^^^^^^^
  File "C:\Users\lordx\AppData\Roaming\Python\Python311\site-packages\flask\sessions.py", line 104, in _fail
    raise RuntimeError(
RuntimeError: The session is unavailable because no secret key was set.  Set the secret_key on the application to something unique and secret.
2026-02-21 21:41:37,829 - ERROR - Exception on /login [POST]
Traceback (most recent call last):
  File "C:\Users\lordx\AppData\Roaming\Python\Python311\site-packages\flask\app.py", line 1511, in wsgi_app
    response = self.full_dispatch_request()
               ^^^^^^^^^^^^^^^^^^^^^^^^^^^^
  File "C:\Users\lordx\AppData\Roaming\Python\Python311\site-packages\flask\app.py", line 919, in full_dispatch_request
    rv = self.handle_user_exception(e)
         ^^^^^^^^^^^^^^^^^^^^^^^^^^^^^
  File "C:\Users\lordx\AppData\Roaming\Python\Python311\site-packages\flask\app.py", line 917, in full_dispatch_request
    rv = self.dispatch_request()
         ^^^^^^^^^^^^^^^^^^^^^^^
  File "C:\Users\lordx\AppData\Roaming\Python\Python311\site-packages\flask\app.py", line 902, in dispatch_request
    return self.ensure_sync(self.view_functions[rule.endpoint])(**view_args)  # type: ignore[no-any-return]
           ^^^^^^^^^^^^^^^^^^^^^^^^^^^^^^^^^^^^^^^^^^^^^^^^^^^^^^^^^^^^^^^^^
  File "c:\Projects\ChroniqueX_Record_Server\web_endpoints_ui.py", line 36, in login
    session['logged_in'] = True
    ~~~~~~~^^^^^^^^^^^^^
  File "C:\Users\lordx\AppData\Roaming\Python\Python311\site-packages\flask\sessions.py", line 104, in _fail
    raise RuntimeError(
RuntimeError: The session is unavailable because no secret key was set.  Set the secret_key on the application to something unique and secret.
2026-02-21 21:41:38,268 - ERROR - Exception on /login [POST]
Traceback (most recent call last):
  File "C:\Users\lordx\AppData\Roaming\Python\Python311\site-packages\flask\app.py", line 1511, in wsgi_app
    response = self.full_dispatch_request()
               ^^^^^^^^^^^^^^^^^^^^^^^^^^^^
  File "C:\Users\lordx\AppData\Roaming\Python\Python311\site-packages\flask\app.py", line 919, in full_dispatch_request
    rv = self.handle_user_exception(e)
         ^^^^^^^^^^^^^^^^^^^^^^^^^^^^^
  File "C:\Users\lordx\AppData\Roaming\Python\Python311\site-packages\flask\app.py", line 917, in full_dispatch_request
    rv = self.dispatch_request()
         ^^^^^^^^^^^^^^^^^^^^^^^
  File "C:\Users\lordx\AppData\Roaming\Python\Python311\site-packages\flask\app.py", line 902, in dispatch_request
    return self.ensure_sync(self.view_functions[rule.endpoint])(**view_args)  # type: ignore[no-any-return]
           ^^^^^^^^^^^^^^^^^^^^^^^^^^^^^^^^^^^^^^^^^^^^^^^^^^^^^^^^^^^^^^^^^
  File "c:\Projects\ChroniqueX_Record_Server\web_endpoints_ui.py", line 36, in login
    session['logged_in'] = True
    ~~~~~~~^^^^^^^^^^^^^
  File "C:\Users\lordx\AppData\Roaming\Python\Python311\site-packages\flask\sessions.py", line 104, in _fail
    raise RuntimeError(
RuntimeError: The session is unavailable because no secret key was set.  Set the secret_key on the application to something unique and secret.
2026-02-21 21:41:38,722 - ERROR - Exception on /login [POST]
Traceback (most recent call last):
  File "C:\Users\lordx\AppData\Roaming\Python\Python311\site-packages\flask\app.py", line 1511, in wsgi_app
    response = self.full_dispatch_request()
               ^^^^^^^^^^^^^^^^^^^^^^^^^^^^
  File "C:\Users\lordx\AppData\Roaming\Python\Python311\site-packages\flask\app.py", line 919, in full_dispatch_request
    rv = self.handle_user_exception(e)
         ^^^^^^^^^^^^^^^^^^^^^^^^^^^^^
  File "C:\Users\lordx\AppData\Roaming\Python\Python311\site-packages\flask\app.py", line 917, in full_dispatch_request
    rv = self.dispatch_request()
         ^^^^^^^^^^^^^^^^^^^^^^^
  File "C:\Users\lordx\AppData\Roaming\Python\Python311\site-packages\flask\app.py", line 902, in dispatch_request
    return self.ensure_sync(self.view_functions[rule.endpoint])(**view_args)  # type: ignore[no-any-return]
           ^^^^^^^^^^^^^^^^^^^^^^^^^^^^^^^^^^^^^^^^^^^^^^^^^^^^^^^^^^^^^^^^^
  File "c:\Projects\ChroniqueX_Record_Server\web_endpoints_ui.py", line 36, in login
    session['logged_in'] = True
    ~~~~~~~^^^^^^^^^^^^^
  File "C:\Users\lordx\AppData\Roaming\Python\Python311\site-packages\flask\sessions.py", line 104, in _fail
    raise RuntimeError(
RuntimeError: The session is unavailable because no secret key was set.  Set the secret_key on the application to something unique and secret.
2026-02-21 21:41:39,145 - ERROR - Exception on /login [POST]
Traceback (most recent call last):
  File "C:\Users\lordx\AppData\Roaming\Python\Python311\site-packages\flask\app.py", line 1511, in wsgi_app
    response = self.full_dispatch_request()
               ^^^^^^^^^^^^^^^^^^^^^^^^^^^^
  File "C:\Users\lordx\AppData\Roaming\Python\Python311\site-packages\flask\app.py", line 919, in full_dispatch_request
    rv = self.handle_user_exception(e)
         ^^^^^^^^^^^^^^^^^^^^^^^^^^^^^
  File "C:\Users\lordx\AppData\Roaming\Python\Python311\site-packages\flask\app.py", line 917, in full_dispatch_request
    rv = self.dispatch_request()
         ^^^^^^^^^^^^^^^^^^^^^^^
  File "C:\Users\lordx\AppData\Roaming\Python\Python311\site-packages\flask\app.py", line 902, in dispatch_request
    return self.ensure_sync(self.view_functions[rule.endpoint])(**view_args)  # type: ignore[no-any-return]
           ^^^^^^^^^^^^^^^^^^^^^^^^^^^^^^^^^^^^^^^^^^^^^^^^^^^^^^^^^^^^^^^^^
  File "c:\Projects\ChroniqueX_Record_Server\web_endpoints_ui.py", line 36, in login
    session['logged_in'] = True
    ~~~~~~~^^^^^^^^^^^^^
  File "C:\Users\lordx\AppData\Roaming\Python\Python311\site-packages\flask\sessions.py", line 104, in _fail
    raise RuntimeError(
RuntimeError: The session is unavailable because no secret key was set.  Set the secret_key on the application to something unique and secret.
2026-02-21 21:41:39,625 - ERROR - Exception on /login [POST]
Traceback (most recent call last):
  File "C:\Users\lordx\AppData\Roaming\Python\Python311\site-packages\flask\app.py", line 1511, in wsgi_app
    response = self.full_dispatch_request()
               ^^^^^^^^^^^^^^^^^^^^^^^^^^^^
  File "C:\Users\lordx\AppData\Roaming\Python\Python311\site-packages\flask\app.py", line 919, in full_dispatch_request
    rv = self.handle_user_exception(e)
         ^^^^^^^^^^^^^^^^^^^^^^^^^^^^^
  File "C:\Users\lordx\AppData\Roaming\Python\Python311\site-packages\flask\app.py", line 917, in full_dispatch_request
    rv = self.dispatch_request()
         ^^^^^^^^^^^^^^^^^^^^^^^
  File "C:\Users\lordx\AppData\Roaming\Python\Python311\site-packages\flask\app.py", line 902, in dispatch_request
    return self.ensure_sync(self.view_functions[rule.endpoint])(**view_args)  # type: ignore[no-any-return]
           ^^^^^^^^^^^^^^^^^^^^^^^^^^^^^^^^^^^^^^^^^^^^^^^^^^^^^^^^^^^^^^^^^
  File "c:\Projects\ChroniqueX_Record_Server\web_endpoints_ui.py", line 36, in login
    session['logged_in'] = True
    ~~~~~~~^^^^^^^^^^^^^
  File "C:\Users\lordx\AppData\Roaming\Python\Python311\site-packages\flask\sessions.py", line 104, in _fail
    raise RuntimeError(
RuntimeError: The session is unavailable because no secret key was set.  Set the secret_key on the application to something unique and secret.
2026-02-21 21:41:40,090 - ERROR - Exception on /login [POST]
Traceback (most recent call last):
  File "C:\Users\lordx\AppData\Roaming\Python\Python311\site-packages\flask\app.py", line 1511, in wsgi_app
    response = self.full_dispatch_request()
               ^^^^^^^^^^^^^^^^^^^^^^^^^^^^
  File "C:\Users\lordx\AppData\Roaming\Python\Python311\site-packages\flask\app.py", line 919, in full_dispatch_request
    rv = self.handle_user_exception(e)
         ^^^^^^^^^^^^^^^^^^^^^^^^^^^^^
  File "C:\Users\lordx\AppData\Roaming\Python\Python311\site-packages\flask\app.py", line 917, in full_dispatch_request
    rv = self.dispatch_request()
         ^^^^^^^^^^^^^^^^^^^^^^^
  File "C:\Users\lordx\AppData\Roaming\Python\Python311\site-packages\flask\app.py", line 902, in dispatch_request
    return self.ensure_sync(self.view_functions[rule.endpoint])(**view_args)  # type: ignore[no-any-return]
           ^^^^^^^^^^^^^^^^^^^^^^^^^^^^^^^^^^^^^^^^^^^^^^^^^^^^^^^^^^^^^^^^^
  File "c:\Projects\ChroniqueX_Record_Server\web_endpoints_ui.py", line 36, in login
    session['logged_in'] = True
    ~~~~~~~^^^^^^^^^^^^^
  File "C:\Users\lordx\AppData\Roaming\Python\Python311\site-packages\flask\sessions.py", line 104, in _fail
    raise RuntimeError(
RuntimeError: The session is unavailable because no secret key was set.  Set the secret_key on the application to something unique and secret.
2026-02-21 21:41:40,527 - ERROR - Exception on /login [POST]
Traceback (most recent call last):
  File "C:\Users\lordx\AppData\Roaming\Python\Python311\site-packages\flask\app.py", line 1511, in wsgi_app
    response = self.full_dispatch_request()
               ^^^^^^^^^^^^^^^^^^^^^^^^^^^^
  File "C:\Users\lordx\AppData\Roaming\Python\Python311\site-packages\flask\app.py", line 919, in full_dispatch_request
    rv = self.handle_user_exception(e)
         ^^^^^^^^^^^^^^^^^^^^^^^^^^^^^
  File "C:\Users\lordx\AppData\Roaming\Python\Python311\site-packages\flask\app.py", line 917, in full_dispatch_request
    rv = self.dispatch_request()
         ^^^^^^^^^^^^^^^^^^^^^^^
  File "C:\Users\lordx\AppData\Roaming\Python\Python311\site-packages\flask\app.py", line 902, in dispatch_request
    return self.ensure_sync(self.view_functions[rule.endpoint])(**view_args)  # type: ignore[no-any-return]
           ^^^^^^^^^^^^^^^^^^^^^^^^^^^^^^^^^^^^^^^^^^^^^^^^^^^^^^^^^^^^^^^^^
  File "c:\Projects\ChroniqueX_Record_Server\web_endpoints_ui.py", line 36, in login
    session['logged_in'] = True
    ~~~~~~~^^^^^^^^^^^^^
  File "C:\Users\lordx\AppData\Roaming\Python\Python311\site-packages\flask\sessions.py", line 104, in _fail
    raise RuntimeError(
RuntimeError: The session is unavailable because no secret key was set.  Set the secret_key on the application to something unique and secret.
2026-02-21 21:41:40,958 - ERROR - Exception on /login [POST]
Traceback (most recent call last):
  File "C:\Users\lordx\AppData\Roaming\Python\Python311\site-packages\flask\app.py", line 1511, in wsgi_app
    response = self.full_dispatch_request()
               ^^^^^^^^^^^^^^^^^^^^^^^^^^^^
  File "C:\Users\lordx\AppData\Roaming\Python\Python311\site-packages\flask\app.py", line 919, in full_dispatch_request
    rv = self.handle_user_exception(e)
         ^^^^^^^^^^^^^^^^^^^^^^^^^^^^^
  File "C:\Users\lordx\AppData\Roaming\Python\Python311\site-packages\flask\app.py", line 917, in full_dispatch_request
    rv = self.dispatch_request()
         ^^^^^^^^^^^^^^^^^^^^^^^
  File "C:\Users\lordx\AppData\Roaming\Python\Python311\site-packages\flask\app.py", line 902, in dispatch_request
    return self.ensure_sync(self.view_functions[rule.endpoint])(**view_args)  # type: ignore[no-any-return]
           ^^^^^^^^^^^^^^^^^^^^^^^^^^^^^^^^^^^^^^^^^^^^^^^^^^^^^^^^^^^^^^^^^
  File "c:\Projects\ChroniqueX_Record_Server\web_endpoints_ui.py", line 36, in login
    session['logged_in'] = True
    ~~~~~~~^^^^^^^^^^^^^
  File "C:\Users\lordx\AppData\Roaming\Python\Python311\site-packages\flask\sessions.py", line 104, in _fail
    raise RuntimeError(
RuntimeError: The session is unavailable because no secret key was set.  Set the secret_key on the application to something unique and secret.
2026-02-21 21:41:41,392 - ERROR - Exception on /login [POST]
Traceback (most recent call last):
  File "C:\Users\lordx\AppData\Roaming\Python\Python311\site-packages\flask\app.py", line 1511, in wsgi_app
    response = self.full_dispatch_request()
               ^^^^^^^^^^^^^^^^^^^^^^^^^^^^
  File "C:\Users\lordx\AppData\Roaming\Python\Python311\site-packages\flask\app.py", line 919, in full_dispatch_request
    rv = self.handle_user_exception(e)
         ^^^^^^^^^^^^^^^^^^^^^^^^^^^^^
  File "C:\Users\lordx\AppData\Roaming\Python\Python311\site-packages\flask\app.py", line 917, in full_dispatch_request
    rv = self.dispatch_request()
         ^^^^^^^^^^^^^^^^^^^^^^^
  File "C:\Users\lordx\AppData\Roaming\Python\Python311\site-packages\flask\app.py", line 902, in dispatch_request
    return self.ensure_sync(self.view_functions[rule.endpoint])(**view_args)  # type: ignore[no-any-return]
           ^^^^^^^^^^^^^^^^^^^^^^^^^^^^^^^^^^^^^^^^^^^^^^^^^^^^^^^^^^^^^^^^^
  File "c:\Projects\ChroniqueX_Record_Server\web_endpoints_ui.py", line 36, in login
    session['logged_in'] = True
    ~~~~~~~^^^^^^^^^^^^^
  File "C:\Users\lordx\AppData\Roaming\Python\Python311\site-packages\flask\sessions.py", line 104, in _fail
    raise RuntimeError(
RuntimeError: The session is unavailable because no secret key was set.  Set the secret_key on the application to something unique and secret.
2026-02-22 02:17:07,752 - ERROR - Задача f04c07f1-6979-48f6-8584-01ab17795b1b провалена на сервере: Ошибка при транскрибации файла: Transcription result is empty.
2026-02-22 02:17:45,059 - ERROR - Задача 4bf2c39b-b135-4e85-aeab-a3f1f6b0f4ac провалена на сервере: Ошибка при транскрибации файла: Transcription result is empty.
2026-02-22 02:18:40,661 - ERROR - Задача e5380105-93f8-46cf-b6dd-3dd56f9ff9e1 провалена на сервере: Ошибка при транскрибации файла: Transcription result is empty.
